<?xml version="1.0" encoding="UTF-8"?>
<!-- Generated by org.testng.reporters.JUnitReportReporter -->
<testsuite skipped="0" hostname="SASUNKAR-IN" name="firstpackage.SampleT1" tests="1" failures="0" timestamp="25 Sep 2017 13:28:42 GMT" time="0.285" errors="0">
  <testcase name="test1" time="0.285" classname="firstpackage.SampleT1"/>
</testsuite> <!-- firstpackage.SampleT1 -->
