<?xml version="1.0" encoding="UTF-8"?>
<!-- Generated by org.testng.reporters.JUnitReportReporter -->
<testsuite skipped="0" hostname="SASUNKAR-IN" name="firstpackage.Pure" tests="1" failures="0" timestamp="31 Jan 2018 14:23:34 GMT" time="2.429" errors="0">
  <testcase name="test01" time="2.429" classname="firstpackage.Pure"/>
</testsuite> <!-- firstpackage.Pure -->
