<?xml version="1.0" encoding="UTF-8"?>
<!-- Generated by org.testng.reporters.JUnitReportReporter -->
<testsuite skipped="0" hostname="SASUNKAR-IN" name="firstpackage.ServiceNowTest" tests="4" failures="0" timestamp="08 Mar 2018 09:48:36 GMT" time="65.372" errors="0">
  <testcase name="login" time="1.591" classname="firstpackage.ServiceNowTest"/>
  <testcase name="addTest" time="31.900" classname="firstpackage.ServiceNowTest"/>
  <testcase name="viewTest" time="0.631" classname="firstpackage.ServiceNowTest"/>
  <testcase name="deleteTest" time="31.250" classname="firstpackage.ServiceNowTest"/>
</testsuite> <!-- firstpackage.ServiceNowTest -->
