<?xml version="1.0" encoding="UTF-8"?>
<!-- Generated by org.testng.reporters.JUnitReportReporter -->
<testsuite skipped="0" hostname="SASUNKAR-IN" name="firstpackage.FirstTestNGFile" tests="1" failures="0" timestamp="06 Feb 2018 15:23:27 GMT" time="6.663" errors="0">
  <testcase name="dateEntry" time="6.663" classname="firstpackage.FirstTestNGFile"/>
</testsuite> <!-- firstpackage.FirstTestNGFile -->
